
[15:12:25.521668991]	Конфигурация Vim
[15:12:25.525691565]	Копирование .vimrc файла в /home/avi


[15:12:25.532368906]	Загрузка Vundle
[15:12:25.536009377]	Клонирование репозитория Vundle
Клонирование в «/home/avi/.vim/bundle/Vundle.vim»…


[15:12:27.279731538]	Установка плагинов Vim
Vim: Предупреждение: Вывод осуществляется не на терминал
[?1049h[22;0;0t[>4;2m[?1h=[?2004h[1;40r[?12h[?12l[22;2t[22;1t[27m[23m[29m[m[H[2J[?25l[1;1H[38;2;128;160;255m" Installing plugins to /home/avi/.vim/bundle[m[38C[7m|[m
[4m[38;2;255;255;96m[48;2;102;102;102mPlugin[m[4m[48;2;102;102;102m [m[4m[38;2;255;160;160m[48;2;102;102;102m'VundleVim/Vundle.vim'[m[4m[48;2;102;102;102m                                                      [m[7m|[m
[38;2;255;255;96mPlugin[m [38;2;255;160;160m'SirVer/ultisnips'[m[58C[7m|[m
[38;2;255;255;96mPlugin[m [38;2;255;160;160m'honza/vim-snippets'[m[56C[7m|[m
[38;2;255;255;96mPlugin[m [38;2;255;160;160m'mattn/emmet-vim'[m[59C[7m|[m
[38;2;255;255;96mPlugin[m [38;2;255;160;160m'jszakmeister/vim-togglecursor'[m[45C[7m|[m
[38;2;255;255;96mPlugin[m [38;2;255;160;160m'vim-scripts/tComment'[m[54C[7m|[m
[38;2;255;255;96mPlugin[m [38;2;255;160;160m'preservim/nerdtree'[m[56C[7m|[m
[38;2;255;255;96mPlugin[m [38;2;255;160;160m'Yggdroot/indentLine'[m[55C[7m|[m
[38;2;255;255;96mPlugin[m [38;2;255;160;160m'jiangmiao/auto-pairs'[m[54C[7m|[m
[38;2;255;255;96mPlugin[m [38;2;255;160;160m'vim-airline/vim-airline'[m[51C[7m|[m
[38;2;255;255;96mPlugin[m [38;2;255;160;160m'vim-airline/vim-airline-themes'[m[44C[7m|[m
[38;2;255;255;96mPlugin[m [38;2;255;160;160m'morhetz/gruvbox'[m[59C[7m|[m
[38;2;255;255;96mHelptags[m[75C[7m|[15;84H|[16;84H|[17;84H|[18;84H|[19;84H|[20;84H|[21;84H|[22;84H|[23;84H|[24;84H|[25;84H|[26;84H|[27;84H|[28;84H|[29;84H|[30;84H|[31;84H|[32;84H|[33;84H|[34;84H|[35;84H|[36;84H|[37;84H|[38;84H|[m[16;1H[38;2;0;0;255m~                                                                                  
~                                                                                  
~                                                                                  
~                                                                                  
~                                                                                  
~                                                                                  
~                                                                                  
~                                                                                  
~                                                                                  
~                                                                                  
~                                                                                  
~                                                                                  
~                                                                                  
~                                                                                  
~                                                                                  
~                                                                                  
~                                                                                  
~                                                                                  
~                                                                                  
~                                                                                  
~                                                                                  
~                                                                                  
~                                                                                  [m
[1m[7m[Vundle] Installer [Preview][RO]                                 2,1            All [m[1;85H[4m[38;2;255;255;0m1   [m[4m[48;2;102;102;102m                                                                              [m[2;85H[38;2;0;0;255m~                                                                                 [3;85H~                                                                                 [4;85H~                                                                                 [5;85H~                                                                                 [6;85H~                                                                                 [7;85H~                                                                                 [8;85H~                                                                                 [9;85H~                                                                                 [10;85H~                                                                                 [11;85H~                                                                                 [12;85H~                                                                                 [13;85H~                                                                                 [14;85H~                                                                                 [15;85H~                                                                                 [16;85H~                                                                                 [17;85H~                                                                                 [18;85H~                                                                                 [19;85H~                                                                                 [20;85H~                                                                                 [21;85H~                                                                                 [22;85H~                                                                                 [23;85H~                                                                                 [24;85H~                                                                                 [25;85H~                                                                                 [26;85H~                                                                                 [27;85H~                                                                                 [28;85H~                                                                                 [29;85H~                                                                                 [30;85H~                                                                                 [31;85H~                                                                                 [32;85H~                                                                                 [33;85H~                                                                                 [34;85H~                                                                                 [35;85H~                                                                                 [36;85H~                                                                                 [37;85H~                                                                                 [38;85H~                                                                                 [m[39;85H[7m[No Name]                                                       0,0-1          All[2;1H[?25h[?2004l[?2004h[?2004h[?25l[m[40;1HProcessing 'VundleVim/Vundle.vim'[?25h[?2004l[?2004h[?2004l[?2004h[?25l[1;1H[38;2;0;255;255m[48;2;190;190;190m  [m[38;2;128;160;255m" Installing plugins to /home/avi/.vim/bundle
. [m[4m[38;2;255;255;96m[48;2;102;102;102mPlugin[m[4m[48;2;102;102;102m [m[4m[38;2;255;160;160m[48;2;102;102;102m'VundleVim/Vundle.vim'[m
[38;2;0;255;255m[48;2;190;190;190m  [m[38;2;255;255;96mPlugin[m [38;2;255;160;160m'SirVer/ultisnips'[m
[38;2;0;255;255m[48;2;190;190;190m  [m[38;2;255;255;96mPlugin[m [38;2;255;160;160m'honza/vim-snippets'[m
[38;2;0;255;255m[48;2;190;190;190m  [m[38;2;255;255;96mPlugin[m [38;2;255;160;160m'mattn/emmet-vim'[m
[38;2;0;255;255m[48;2;190;190;190m  [m[38;2;255;255;96mPlugin[m [38;2;255;160;160m'jszakmeister/vim-togglecursor'[m
[38;2;0;255;255m[48;2;190;190;190m  [m[38;2;255;255;96mPlugin[m [38;2;255;160;160m'vim-scripts/tComment'[m
[38;2;0;255;255m[48;2;190;190;190m  [m[38;2;255;255;96mPlugin[m [38;2;255;160;160m'preservim/nerdtree'[m
[38;2;0;255;255m[48;2;190;190;190m  [m[38;2;255;255;96mPlugin[m [38;2;255;160;160m'Yggdroot/indentLine'[m
[38;2;0;255;255m[48;2;190;190;190m  [m[38;2;255;255;96mPlugin[m [38;2;255;160;160m'jiangmiao/auto-pairs'[m
[38;2;0;255;255m[48;2;190;190;190m  [m[38;2;255;255;96mPlugin[m [38;2;255;160;160m'vim-airline/vim-airline'[m
[38;2;0;255;255m[48;2;190;190;190m  [m[38;2;255;255;96mPlugin[m [38;2;255;160;160m'vim-airline/vim-airline-themes'[m
[38;2;0;255;255m[48;2;190;190;190m  [m[38;2;255;255;96mPlugin[m [38;2;255;160;160m'morhetz/gruvbox'[m
[38;2;0;255;255m[48;2;190;190;190m  [m[38;2;255;255;96mHelptags[m
[38;2;0;255;255m[48;2;190;190;190m  [m[40;1H'VundleVim/Vundle.vim' already installed[2;3H[38;2;255;255;96mPlugin[m [38;2;255;160;160m'VundleVim/Vundle.vim'[m                                                    [3;3H[4m[38;2;255;255;96m[48;2;102;102;102mPlugin[m[4m[48;2;102;102;102m [m[4m[38;2;255;160;160m[48;2;102;102;102m'SirVer/ultisnips'[m[4m[48;2;102;102;102m                                                        [m[39;66H[1m[7m3,[?2004h[m
Processing 'SirVer/ultisnips'[40;30H[K[3;3H[?25h[?2004l[?2004h[?2004l[?2004h[?25l[38;2;128;160;255m+ [m[40;1H'SirVer/ultisnips' installed[40;29H[K[3;3H[38;2;255;255;96mPlugin[m [38;2;255;160;160m'SirVer/ultisnips'[m                                                        [4;3H[4m[38;2;255;255;96m[48;2;102;102;102mPlugin[m[4m[48;2;102;102;102m [m[4m[38;2;255;160;160m[48;2;102;102;102m'honza/vim-snippets'[m[4m[48;2;102;102;102m                                                      [m[39;66H[1m[7m4,[?2004h[m
Processing 'honza/vim-snippets'[4;3H[?25h[?2004l[?2004h[?2004l[?2004h[?25l[38;2;128;160;255m+ [m[40;1H'honza/vim-snippets' installed[40;31H[K[4;3H[38;2;255;255;96mPlugin[m [38;2;255;160;160m'honza/vim-snippets'[m                                                      [5;3H[4m[38;2;255;255;96m[48;2;102;102;102mPlugin[m[4m[48;2;102;102;102m [m[4m[38;2;255;160;160m[48;2;102;102;102m'mattn/emmet-vim'[m[4m[48;2;102;102;102m                                                         [m[39;66H[1m[7m5,[?2004h[m
Processing 'mattn/emmet-vim'[40;29H[K[5;3H[?25h[?2004l[?2004h[?2004l[?2004h[?25l[38;2;128;160;255m+ [m[40;1H'mattn/emmet-vim' installed[40;28H[K[5;3H[38;2;255;255;96mPlugin[m [38;2;255;160;160m'mattn/emmet-vim'[m                                                         [6;3H[4m[38;2;255;255;96m[48;2;102;102;102mPlugin[m[4m[48;2;102;102;102m [m[4m[38;2;255;160;160m[48;2;102;102;102m'jszakmeister/vim-togglecursor'[m[4m[48;2;102;102;102m                                           [m[39;66H[1m[7m6,[?2004h[m
Processing 'jszakmeister/vim-togglecursor'[6;3H[?25h[?2004l[?2004h[?2004l[?2004h[?25l[38;2;128;160;255m+ [m[40;1H'jszakmeister/vim-togglecursor' installed[40;42H[K[6;3H[38;2;255;255;96mPlugin[m [38;2;255;160;160m'jszakmeister/vim-togglecursor'[m                                           [7;3H[4m[38;2;255;255;96m[48;2;102;102;102mPlugin[m[4m[48;2;102;102;102m [m[4m[38;2;255;160;160m[48;2;102;102;102m'vim-scripts/tComment'[m[4m[48;2;102;102;102m                                                    [m[39;66H[1m[7m7,[?2004h[m
Processing 'vim-scripts/tComment'[40;34H[K[7;3H[?25h[?2004l[?2004h[?2004l[?2004h[?25l[38;2;128;160;255m+ [m[40;1H'vim-scripts/tComment' installed[40;33H[K[7;3H[38;2;255;255;96mPlugin[m [38;2;255;160;160m'vim-scripts/tComment'[m                                                    [8;3H[4m[38;2;255;255;96m[48;2;102;102;102mPlugin[m[4m[48;2;102;102;102m [m[4m[38;2;255;160;160m[48;2;102;102;102m'preservim/nerdtree'[m[4m[48;2;102;102;102m                                                      [m[39;66H[1m[7m8,[?2004h[m
Processing 'preservim/nerdtree'[40;32H[K[8;3H[?25h[?2004l[?2004h[?2004l[?2004h[?25l[38;2;128;160;255m+ [m[40;1H'preservim/nerdtree' installed[40;31H[K[8;3H[38;2;255;255;96mPlugin[m [38;2;255;160;160m'preservim/nerdtree'[m                                                      [9;3H[4m[38;2;255;255;96m[48;2;102;102;102mPlugin[m[4m[48;2;102;102;102m [m[4m[38;2;255;160;160m[48;2;102;102;102m'Yggdroot/indentLine'[m[4m[48;2;102;102;102m                                                     [m[39;66H[1m[7m9,[?2004h[m
Processing 'Yggdroot/indentLine'[9;3H[?25h[?2004l[?2004h[?2004l[?2004h[?25l[38;2;128;160;255m+ [m[40;1H'Yggdroot/indentLine' installed[40;32H[K[9;3H[38;2;255;255;96mPlugin[m [38;2;255;160;160m'Yggdroot/indentLine'[m                                                     [10;3H[4m[38;2;255;255;96m[48;2;102;102;102mPlugin[m[4m[48;2;102;102;102m [m[4m[38;2;255;160;160m[48;2;102;102;102m'jiangmiao/auto-pairs'[m[4m[48;2;102;102;102m                                                    [m[39;66H[1m[7m10,1[?2004h[m
Processing 'jiangmiao/auto-pairs'[10;3H[?25h[?2004l[?2004h[?2004l[?2004h[?25l[38;2;128;160;255m+ [m[40;1H'jiangmiao/auto-pairs' installed[40;33H[K[10;3H[38;2;255;255;96mPlugin[m [38;2;255;160;160m'jiangmiao/auto-pairs'[m                                                    [11;3H[4m[38;2;255;255;96m[48;2;102;102;102mPlugin[m[4m[48;2;102;102;102m [m[4m[38;2;255;160;160m[48;2;102;102;102m'vim-airline/vim-airline'[m[4m[48;2;102;102;102m                                                 [m[39;67H[1m[7m1,[?2004h[m
Processing 'vim-airline/vim-airline'[11;3H[?25h[?2004l[?2004h[?2004l[?2004h[?25l[38;2;128;160;255m+ [m[40;1H'vim-airline/vim-airline' installed[40;36H[K[11;3H[38;2;255;255;96mPlugin[m [38;2;255;160;160m'vim-airline/vim-airline'[m                                                 [12;3H[4m[38;2;255;255;96m[48;2;102;102;102mPlugin[m[4m[48;2;102;102;102m [m[4m[38;2;255;160;160m[48;2;102;102;102m'vim-airline/vim-airline-themes'[m[4m[48;2;102;102;102m                                          [m[39;67H[1m[7m2,[?2004h[m
Processing 'vim-airline/vim-airline-themes'[12;3H[?25h[?2004l[?2004h[?2004l[?2004h[?25l[38;2;128;160;255m+ [m[40;1H'vim-airline/vim-airline-themes' installed[40;43H[K[12;3H[38;2;255;255;96mPlugin[m [38;2;255;160;160m'vim-airline/vim-airline-themes'[m                                          [13;3H[4m[38;2;255;255;96m[48;2;102;102;102mPlugin[m[4m[48;2;102;102;102m [m[4m[38;2;255;160;160m[48;2;102;102;102m'morhetz/gruvbox'[m[4m[48;2;102;102;102m                                                         [m[39;67H[1m[7m3,[?2004h[m
Processing 'morhetz/gruvbox'[40;29H[K[13;3H[?25h[?2004l[?2004h[?2004l[?2004h[?25l[38;2;128;160;255m+ [m[40;1H'morhetz/gruvbox' installed[40;28H[K[13;3H[38;2;255;255;96mPlugin[m [38;2;255;160;160m'morhetz/gruvbox'[m                                                         [14;3H[4m[38;2;255;255;96m[48;2;102;102;102mHelptags[m[4m[48;2;102;102;102m                                                                         [m[39;67H[1m[7m4,[?2004h[m
Processing helptags[40;20H[K[14;3H[?25h[?2004l[?2004h[?25l[38;2;128;160;255m* [m[40;1Hhelptags regenerated[14;3H[38;2;255;255;96mHelptags[m                                                                         [15;3H[4m[48;2;102;102;102m                                                                                 [m[39;67H[1m[7m5,0-1[m
Done! [40;7H[K[40;1H[?2004l[23;2t[23;1t
[?2004l[?1l>[?25h[>4;m[0 q[?1049l[23;0;0t

[15:12:56.209096796]	Конфигурация завершена
